Processing esp32-s3-devkitc-1 (platform: espressif32; board: esp32-s3-devkitc-1; framework: arduino)
--------------------------------------------------------------------------------
Tool Manager: Installing platformio/tool-mkspiffs @ ~2.230.0
Downloading 0% 10% 20% 30% 40% 50% 60%
Unpacking 0% 10% 20% 30% 40%
Tool Manager: tool-mkspiffs@2.230.0 has been installed!
Tool Manager: Installing platformio/tool-mklittlefs @ ~1.203.0
Downloading 0% 10% 20% 30%
Unpacking 0% 10% 20%
Tool Manager: tool-mklittlefs@1.203.210628 has been installed!
Tool Manager: Installing platformio/tool-mkfatfs @ ~2.0.0
Downloading 0% 10% 20% 30% 40% 50% 60% 70% 80%
Unpacking 0% 10% 20% 30% 40% 50%
Tool Manager: tool-mkfatfs@2.0.1 has been installed!
Verbose mode can be enabled via `-v, --verbose` option
CONFIGURATION: https://docs.platformio.org/page/boards/espressif32/esp32-s3-devkitc-1.html
PLATFORM: Espressif 32 (6.13.0) > Espressif ESP32-S3-DevKitC-1-N8 (8 MB QD, No PSRAM)
HARDWARE: ESP32S3 240MHz, 320KB RAM, 8MB Flash
DEBUG: Current (esp-builtin) On-board (esp-builtin) External (cmsis-dap, esp-bridge, esp-prog, iot-bus-jtag, jlink, minimodule, olimex-arm-usb-ocd, olimex-arm-usb-ocd-h, olimex-arm-usb-tiny-h, olimex-jtag-tiny, tumpa)
PACKAGES: 
 - framework-arduinoespressif32 @ 3.20017.241212+sha.dcc1105b 
 - tool-esptoolpy @ 2.41100.0 (4.11.0) 
 - tool-mkfatfs @ 2.0.1 
 - tool-mklittlefs @ 1.203.210628 (2.3) 
 - tool-mkspiffs @ 2.230.0 (2.30) 
 - toolchain-riscv32-esp @ 8.4.0+2021r2-patch5 
 - toolchain-xtensa-esp32s3 @ 8.4.0+2021r2-patch5
LDF: Library Dependency Finder -> https://bit.ly/configure-pio-ldf
LDF Modes: Finder ~ chain, Compatibility ~ soft
Found 36 compatible libraries
Scanning dependencies...
Dependency Graph
|-- lvgl @ 9.5.0
|-- GFX Library for Arduino @ 1.4.6
|-- Wire @ 2.0.0
|-- ArduinoJson @ 6.21.6
|-- LittleFS @ 2.0.0
Building in release mode
Retrieving maximum program size .pio\build\esp32-s3-devkitc-1\firmware.elf
Checking size .pio\build\esp32-s3-devkitc-1\firmware.elf
Advanced Memory Usage is available via "PlatformIO Home > Project Inspect"
RAM:   [====      ]  40.1% (used 131444 bytes from 327680 bytes)
Flash: [===       ]  28.4% (used 949901 bytes from 3342336 bytes)
Configuring upload protocol...
AVAILABLE: cmsis-dap, esp-bridge, esp-builtin, esp-prog, espota, esptool, iot-bus-jtag, jlink, minimodule, olimex-arm-usb-ocd, olimex-arm-usb-ocd-h, olimex-arm-usb-tiny-h, olimex-jtag-tiny, tumpa
CURRENT: upload_protocol = esptool
Looking for upload port...
Using manually specified: COM5
Uploading .pio\build\esp32-s3-devkitc-1\firmware.bin
esptool.py v4.11.0
Serial port COM5
Connecting...
Chip is ESP32-S3 (QFN56) (revision v0.2)
Features: WiFi, BLE, Embedded PSRAM 8MB (AP_3v3)
Crystal is 40MHz
USB mode: USB-Serial/JTAG
MAC: 1c:db:d4:79:87:10
Uploading stub...
Running stub...
Stub running...
Changing baud rate to 460800
Changed.
Configuring flash size...
Flash will be erased from 0x00000000 to 0x00003fff...
Flash will be erased from 0x00008000 to 0x00008fff...
Flash will be erased from 0x0000e000 to 0x0000ffff...
Flash will be erased from 0x00010000 to 0x000f7fff...
SHA digest in image updated
Compressed 15104 bytes to 10431...
Writing at 0x00000000... (100 %)
Wrote 15104 bytes (10431 compressed) at 0x00000000 in 0.1 seconds (effective 815.4 kbit/s)...
Hash of data verified.
Compressed 3072 bytes to 146...
Writing at 0x00008000... (100 %)
Wrote 3072 bytes (146 compressed) at 0x00008000 in 0.0 seconds (effective 966.9 kbit/s)...
Hash of data verified.
Compressed 8192 bytes to 49...
Writing at 0x0000e000... (100 %)
Wrote 8192 bytes (49 compressed) at 0x0000e000 in 0.0 seconds (effective 2461.8 kbit/s)...
Hash of data verified.
Compressed 950272 bytes to 547525...
Writing at 0x00010000... (2 %)
Writing at 0x00018225... (5 %)
Writing at 0x0002571d... (8 %)
Writing at 0x00031818... (11 %)
Writing at 0x00042a2b... (14 %)
Writing at 0x00048a24... (17 %)
Writing at 0x0004efcb... (20 %)
Writing at 0x00054861... (23 %)
Writing at 0x00059ae2... (26 %)
Writing at 0x0005ec73... (29 %)
Writing at 0x00064888... (32 %)
Writing at 0x0006978a... (35 %)
Writing at 0x0006e9b8... (38 %)
Writing at 0x00073b83... (41 %)
Writing at 0x0007896b... (44 %)
Writing at 0x0007e7c5... (47 %)
Writing at 0x00084936... (50 %)
Writing at 0x0008abaf... (52 %)
Writing at 0x00090829... (55 %)
Writing at 0x000961d6... (58 %)
Writing at 0x0009b9e2... (61 %)
Writing at 0x000a0a9e... (64 %)
Writing at 0x000a5b6d... (67 %)
Writing at 0x000ac311... (70 %)
Writing at 0x000b577b... (73 %)
Writing at 0x000bc9f4... (76 %)
Writing at 0x000c41dd... (79 %)
Writing at 0x000ca37c... (82 %)
Writing at 0x000d251f... (85 %)
Writing at 0x000d9480... (88 %)
Writing at 0x000e15d3... (91 %)
Writing at 0x000eaa03... (94 %)
Writing at 0x000efe96... (97 %)
Writing at 0x000f593f... (100 %)
Wrote 950272 bytes (547525 compressed) at 0x00010000 in 4.9 seconds (effective 1543.2 kbit/s)...
Hash of data verified.

Leaving...
Hard resetting via RTS pin...
========================= [SUCCESS] Took 30.87 seconds =========================

Environment         Status    Duration
------------------  --------  ------------
esp32-s3-devkitc-1  SUCCESS   00:00:30.875
========================= 1 succeeded in 00:00:30.875 =========================
