Processing esp32-s3-devkitc-1 (platform: espressif32; board: esp32-s3-devkitc-1; framework: arduino)
--------------------------------------------------------------------------------
Verbose mode can be enabled via `-v, --verbose` option
CONFIGURATION: https://docs.platformio.org/page/boards/espressif32/esp32-s3-devkitc-1.html
PLATFORM: Espressif 32 (6.13.0) > Espressif ESP32-S3-DevKitC-1-N8 (8 MB QD, No PSRAM)
HARDWARE: ESP32S3 240MHz, 320KB RAM, 8MB Flash
DEBUG: Current (esp-builtin) On-board (esp-builtin) External (cmsis-dap, esp-bridge, esp-prog, iot-bus-jtag, jlink, minimodule, olimex-arm-usb-ocd, olimex-arm-usb-ocd-h, olimex-arm-usb-tiny-h, olimex-jtag-tiny, tumpa)
PACKAGES: 
 - framework-arduinoespressif32 @ 3.20017.241212+sha.dcc1105b 
 - tool-esptoolpy @ 2.41100.0 (4.11.0) 
 - tool-mkfatfs @ 2.0.1 
 - tool-mklittlefs @ 1.203.210628 (2.3) 
 - tool-mkspiffs @ 2.230.0 (2.30) 
 - toolchain-riscv32-esp @ 8.4.0+2021r2-patch5 
 - toolchain-xtensa-esp32s3 @ 8.4.0+2021r2-patch5
LDF: Library Dependency Finder -> https://bit.ly/configure-pio-ldf
LDF Modes: Finder ~ chain, Compatibility ~ soft
Found 36 compatible libraries
Scanning dependencies...
Dependency Graph
|-- lvgl @ 9.5.0
|-- GFX Library for Arduino @ 1.4.6
|-- Wire @ 2.0.0
|-- ArduinoJson @ 6.21.6
|-- LittleFS @ 2.0.0
Building in release mode
Compiling .pio\build\esp32-s3-devkitc-1\src\main.cpp.o
In file included from .pio/libdeps/esp32-s3-devkitc-1/lvgl/src/lv_init.h:16,
                 from .pio/libdeps/esp32-s3-devkitc-1/lvgl/lvgl.h:21,
                 from src/ui/UiManager.h:5,
                 from src/app/Application.h:11,
                 from src/main.cpp:3:
.pio/libdeps/esp32-s3-devkitc-1/lvgl/src/lv_conf_internal.h:77:120: note: #pragma message: Possible failure to include lv_conf.h, please read the comment in this file if you get errors
         #pragma message("Possible failure to include lv_conf.h, please read the comment in this file if you get errors")
                                                                                                                        ^
Linking .pio\build\esp32-s3-devkitc-1\firmware.elf
Retrieving maximum program size .pio\build\esp32-s3-devkitc-1\firmware.elf
Checking size .pio\build\esp32-s3-devkitc-1\firmware.elf
Advanced Memory Usage is available via "PlatformIO Home > Project Inspect"
RAM:   [====      ]  40.1% (used 131444 bytes from 327680 bytes)
Flash: [===       ]  28.4% (used 950157 bytes from 3342336 bytes)
Building .pio\build\esp32-s3-devkitc-1\firmware.bin
esptool.py v4.11.0
Creating esp32s3 image...
Merged 2 ELF sections
Successfully created esp32s3 image.
Configuring upload protocol...
AVAILABLE: cmsis-dap, esp-bridge, esp-builtin, esp-prog, espota, esptool, iot-bus-jtag, jlink, minimodule, olimex-arm-usb-ocd, olimex-arm-usb-ocd-h, olimex-arm-usb-tiny-h, olimex-jtag-tiny, tumpa
CURRENT: upload_protocol = esptool
Looking for upload port...
Using manually specified: COM5
Uploading .pio\build\esp32-s3-devkitc-1\firmware.bin
esptool.py v4.11.0
Serial port COM5

A fatal error occurred: Could not open COM5, the port is busy or doesn't exist.
(could not open port 'COM5': PermissionError(13, 'tkomst nekad.', None, 5))

*** [upload] Error 2
========================= [FAILED] Took 19.36 seconds =========================

Environment         Status    Duration
------------------  --------  ------------
esp32-s3-devkitc-1  FAILED    00:00:19.365
==================== 1 failed, 0 succeeded in 00:00:19.365 ====================
